

Version:	3.50
CmdLine:	C:\Users\gtkac\IdeaProjects\Audio Analyzer\out\artifacts\Audio_Analyzer_jar\Audio Analyzer.exe --l4j-debug
JNI:		No
WOW64:		Yes
Working dir:	C:\Users\gtkac\IdeaProjects\Audio Analyzer\out\artifacts\Audio_Analyzer_jar\.
Requires JDK:	No
Requires 64-Bit: No
Java min ver:	1.006.000
Java max ver:	
Substitute:	JAVA_HOME = 
Substitute:	PATH = C:\Python312\Scripts\;C:\Python312\;C:\Program Files\Microsoft\jdk-11.0.16.101-hotspot\bin;C:\Program Files\Common Files\Oracle\Java\javapath;C:\Program Files (x86)\Common Files\Oracle\Java\javapath;C:\Program Files (x86)\Intel\Intel(R) Management Engine Components\iCLS\;C:\Program Files\Intel\Intel(R) Management Engine Components\iCLS\;C:\WINDOWS\system32;C:\WINDOWS;C:\WINDOWS\System32\Wbem;C:\WINDOWS\System32\WindowsPowerShell\v1.0\;C:\WINDOWS\System32\OpenSSH\;C:\Program Files (x86)\Intel\Intel(R) Management Engine Components\DAL;C:\Program Files\Intel\Intel(R) Management Engine Components\DAL;C:\Program Files (x86)\Intel\Intel(R) Management Engine Components\IPT;C:\Program Files\Intel\Intel(R) Management Engine Components\IPT;C:\Program Files\MEGA-X;C:\MinGW\bin;C:\Program Files\PuTTY\;C:\Program Files\Git\cmd;C:\Program Files (x86)\GitExtensions\;C:\Program Files\dotnet\;C:\Program Files\nodejs\;C:\ProgramData\chocolatey\bin;C:\Program Files\MySQL\MySQL Shell 8.0\bin\;C:\minGW\bin;C:\Users\gtkac\AppData\Local\Programs\Microsoft VS Code\bin;C:\ghcup\bin;C:\msys64\mingw64\bin;C:\Users\gtkac\AppData\Local\Microsoft\WindowsApps;C:\Users\gtkac\AppData\Roaming\npm;C:\Program Files\Microsoft\jdk-11.0.16.101-hotspot\bin
JRE paths:	;C:\Python312\Scripts\;C:\Python312\;C:\Program Files\Microsoft\jdk-11.0.16.101-hotspot\bin;C:\Program Files\Common Files\Oracle\Java\javapath;C:\Program Files (x86)\Common Files\Oracle\Java\javapath;C:\Program Files (x86)\Intel\Intel(R) Management Engine Components\iCLS\;C:\Program Files\Intel\Intel(R) Management Engine Components\iCLS\;C:\WINDOWS\system32;C:\WINDOWS;C:\WINDOWS\System32\Wbem;C:\WINDOWS\System32\WindowsPowerShell\v1.0\;C:\WINDOWS\System32\OpenSSH\;C:\Program Files (x86)\Intel\Intel(R) Management Engine Components\DAL;C:\Program Files\Intel\Intel(R) Management Engine Components\DAL;C:\Program Files (x86)\Intel\Intel(R) Management Engine Components\IPT;C:\Program Files\Intel\Intel(R) Management Engine Components\IPT;C:\Program Files\MEGA-X;C:\MinGW\bin;C:\Program Files\PuTTY\;C:\Program Files\Git\cmd;C:\Program Files (x86)\GitExtensions\;C:\Program Files\dotnet\;C:\Program Files\nodejs\;C:\ProgramData\chocolatey\bin;C:\Program Files\MySQL\MySQL Shell 8.0\bin\;C:\minGW\bin;C:\Users\gtkac\AppData\Local\Programs\Microsoft VS Code\bin;C:\ghcup\bin;C:\msys64\mingw64\bin;C:\Users\gtkac\AppData\Local\Microsoft\WindowsApps;C:\Users\gtkac\AppData\Roaming\npm;C:\Program Files\Microsoft\jdk-11.0.16.101-hotspot\bin
Check launcher:	C:\Python312\Scripts\bin\javaw.exe (not found)
Check launcher:	C:\Python312\bin\javaw.exe (not found)
Check launcher:	C:\Program Files\Microsoft\jdk-11.0.16.101-hotspot\bin\javaw.exe (OK)
Warning:	formatJavaVersion() too many parts added.
Version string: 1.011.000_016 / 64-Bit (OK)
Launcher:	C:\Program Files\Microsoft\jdk-11.0.16.101-hotspot\bin\javaw.exe
Launcher args:	-jar "C:\Users\gtkac\IdeaProjects\Audio Analyzer\out\artifacts\Audio_Analyzer_jar\Audio Analyzer.exe"
Args length:	101/32768 chars
Exit code:	0


Version:	3.50
CmdLine:	C:\Users\gtkac\IdeaProjects\Audio Analyzer\out\artifacts\Audio_Analyzer_jar\Audio Analyzer.exe --l4j-debug
JNI:		No
WOW64:		Yes
Working dir:	C:\Users\gtkac\IdeaProjects\Audio Analyzer\out\artifacts\Audio_Analyzer_jar\.
Requires JDK:	No
Requires 64-Bit: No
Java min ver:	1.006.000
Java max ver:	
Substitute:	JAVA_HOME = 
Substitute:	PATH = C:\Python312\Scripts\;C:\Python312\;C:\Program Files\Microsoft\jdk-11.0.16.101-hotspot\bin;C:\Program Files\Common Files\Oracle\Java\javapath;C:\Program Files (x86)\Common Files\Oracle\Java\javapath;C:\Program Files (x86)\Intel\Intel(R) Management Engine Components\iCLS\;C:\Program Files\Intel\Intel(R) Management Engine Components\iCLS\;C:\WINDOWS\system32;C:\WINDOWS;C:\WINDOWS\System32\Wbem;C:\WINDOWS\System32\WindowsPowerShell\v1.0\;C:\WINDOWS\System32\OpenSSH\;C:\Program Files (x86)\Intel\Intel(R) Management Engine Components\DAL;C:\Program Files\Intel\Intel(R) Management Engine Components\DAL;C:\Program Files (x86)\Intel\Intel(R) Management Engine Components\IPT;C:\Program Files\Intel\Intel(R) Management Engine Components\IPT;C:\Program Files\MEGA-X;C:\MinGW\bin;C:\Program Files\PuTTY\;C:\Program Files\Git\cmd;C:\Program Files (x86)\GitExtensions\;C:\Program Files\dotnet\;C:\Program Files\nodejs\;C:\ProgramData\chocolatey\bin;C:\Program Files\MySQL\MySQL Shell 8.0\bin\;C:\minGW\bin;C:\Users\gtkac\AppData\Local\Programs\Microsoft VS Code\bin;C:\ghcup\bin;C:\msys64\mingw64\bin;C:\Users\gtkac\AppData\Local\Microsoft\WindowsApps;C:\Users\gtkac\AppData\Roaming\npm;C:\Program Files\Microsoft\jdk-11.0.16.101-hotspot\bin
JRE paths:	;C:\Python312\Scripts\;C:\Python312\;C:\Program Files\Microsoft\jdk-11.0.16.101-hotspot\bin;C:\Program Files\Common Files\Oracle\Java\javapath;C:\Program Files (x86)\Common Files\Oracle\Java\javapath;C:\Program Files (x86)\Intel\Intel(R) Management Engine Components\iCLS\;C:\Program Files\Intel\Intel(R) Management Engine Components\iCLS\;C:\WINDOWS\system32;C:\WINDOWS;C:\WINDOWS\System32\Wbem;C:\WINDOWS\System32\WindowsPowerShell\v1.0\;C:\WINDOWS\System32\OpenSSH\;C:\Program Files (x86)\Intel\Intel(R) Management Engine Components\DAL;C:\Program Files\Intel\Intel(R) Management Engine Components\DAL;C:\Program Files (x86)\Intel\Intel(R) Management Engine Components\IPT;C:\Program Files\Intel\Intel(R) Management Engine Components\IPT;C:\Program Files\MEGA-X;C:\MinGW\bin;C:\Program Files\PuTTY\;C:\Program Files\Git\cmd;C:\Program Files (x86)\GitExtensions\;C:\Program Files\dotnet\;C:\Program Files\nodejs\;C:\ProgramData\chocolatey\bin;C:\Program Files\MySQL\MySQL Shell 8.0\bin\;C:\minGW\bin;C:\Users\gtkac\AppData\Local\Programs\Microsoft VS Code\bin;C:\ghcup\bin;C:\msys64\mingw64\bin;C:\Users\gtkac\AppData\Local\Microsoft\WindowsApps;C:\Users\gtkac\AppData\Roaming\npm;C:\Program Files\Microsoft\jdk-11.0.16.101-hotspot\bin
Check launcher:	C:\Python312\Scripts\bin\javaw.exe (not found)
Check launcher:	C:\Python312\bin\javaw.exe (not found)
Check launcher:	C:\Program Files\Microsoft\jdk-11.0.16.101-hotspot\bin\javaw.exe (OK)
Warning:	formatJavaVersion() too many parts added.
Version string: 1.011.000_016 / 64-Bit (OK)
Launcher:	C:\Program Files\Microsoft\jdk-11.0.16.101-hotspot\bin\javaw.exe
Launcher args:	-jar "C:\Users\gtkac\IdeaProjects\Audio Analyzer\out\artifacts\Audio_Analyzer_jar\Audio Analyzer.exe"
Args length:	101/32768 chars
Exit code:	0


Version:	3.50
CmdLine:	C:\Users\gtkac\IdeaProjects\Audio Analyzer\out\artifacts\Audio_Analyzer_jar\Audio Analyzer.exe --l4j-debug
JNI:		No
WOW64:		Yes
Working dir:	C:\Users\gtkac\IdeaProjects\Audio Analyzer\out\artifacts\Audio_Analyzer_jar\.
Requires JDK:	No
Requires 64-Bit: No
Java min ver:	1.006.000
Java max ver:	
Substitute:	JAVA_HOME = 
Substitute:	PATH = C:\Python312\Scripts\;C:\Python312\;C:\Program Files\Microsoft\jdk-11.0.16.101-hotspot\bin;C:\Program Files\Common Files\Oracle\Java\javapath;C:\Program Files (x86)\Common Files\Oracle\Java\javapath;C:\Program Files (x86)\Intel\Intel(R) Management Engine Components\iCLS\;C:\Program Files\Intel\Intel(R) Management Engine Components\iCLS\;C:\WINDOWS\system32;C:\WINDOWS;C:\WINDOWS\System32\Wbem;C:\WINDOWS\System32\WindowsPowerShell\v1.0\;C:\WINDOWS\System32\OpenSSH\;C:\Program Files (x86)\Intel\Intel(R) Management Engine Components\DAL;C:\Program Files\Intel\Intel(R) Management Engine Components\DAL;C:\Program Files (x86)\Intel\Intel(R) Management Engine Components\IPT;C:\Program Files\Intel\Intel(R) Management Engine Components\IPT;C:\Program Files\MEGA-X;C:\MinGW\bin;C:\Program Files\PuTTY\;C:\Program Files\Git\cmd;C:\Program Files (x86)\GitExtensions\;C:\Program Files\dotnet\;C:\Program Files\nodejs\;C:\ProgramData\chocolatey\bin;C:\Program Files\MySQL\MySQL Shell 8.0\bin\;C:\minGW\bin;C:\Users\gtkac\AppData\Local\Programs\Microsoft VS Code\bin;C:\ghcup\bin;C:\msys64\mingw64\bin;C:\Users\gtkac\AppData\Local\Microsoft\WindowsApps;C:\Users\gtkac\AppData\Roaming\npm;C:\Program Files\Microsoft\jdk-11.0.16.101-hotspot\bin
JRE paths:	;C:\Python312\Scripts\;C:\Python312\;C:\Program Files\Microsoft\jdk-11.0.16.101-hotspot\bin;C:\Program Files\Common Files\Oracle\Java\javapath;C:\Program Files (x86)\Common Files\Oracle\Java\javapath;C:\Program Files (x86)\Intel\Intel(R) Management Engine Components\iCLS\;C:\Program Files\Intel\Intel(R) Management Engine Components\iCLS\;C:\WINDOWS\system32;C:\WINDOWS;C:\WINDOWS\System32\Wbem;C:\WINDOWS\System32\WindowsPowerShell\v1.0\;C:\WINDOWS\System32\OpenSSH\;C:\Program Files (x86)\Intel\Intel(R) Management Engine Components\DAL;C:\Program Files\Intel\Intel(R) Management Engine Components\DAL;C:\Program Files (x86)\Intel\Intel(R) Management Engine Components\IPT;C:\Program Files\Intel\Intel(R) Management Engine Components\IPT;C:\Program Files\MEGA-X;C:\MinGW\bin;C:\Program Files\PuTTY\;C:\Program Files\Git\cmd;C:\Program Files (x86)\GitExtensions\;C:\Program Files\dotnet\;C:\Program Files\nodejs\;C:\ProgramData\chocolatey\bin;C:\Program Files\MySQL\MySQL Shell 8.0\bin\;C:\minGW\bin;C:\Users\gtkac\AppData\Local\Programs\Microsoft VS Code\bin;C:\ghcup\bin;C:\msys64\mingw64\bin;C:\Users\gtkac\AppData\Local\Microsoft\WindowsApps;C:\Users\gtkac\AppData\Roaming\npm;C:\Program Files\Microsoft\jdk-11.0.16.101-hotspot\bin
Check launcher:	C:\Python312\Scripts\bin\javaw.exe (not found)
Check launcher:	C:\Python312\bin\javaw.exe (not found)
Check launcher:	C:\Program Files\Microsoft\jdk-11.0.16.101-hotspot\bin\javaw.exe (OK)
Warning:	formatJavaVersion() too many parts added.
Version string: 1.011.000_016 / 64-Bit (OK)
Launcher:	C:\Program Files\Microsoft\jdk-11.0.16.101-hotspot\bin\javaw.exe
Launcher args:	-jar "C:\Users\gtkac\IdeaProjects\Audio Analyzer\out\artifacts\Audio_Analyzer_jar\Audio Analyzer.exe"
Args length:	101/32768 chars
Exit code:	0


Version:	3.50
CmdLine:	C:\Users\gtkac\IdeaProjects\Audio Analyzer\out\artifacts\Audio_Analyzer_jar\Audio Analyzer.exe --l4j-debug
JNI:		No
WOW64:		Yes
Working dir:	C:\Users\gtkac\IdeaProjects\Audio Analyzer\out\artifacts\Audio_Analyzer_jar\.
Requires JDK:	No
Requires 64-Bit: No
Java min ver:	1.006.000
Java max ver:	
Substitute:	JAVA_HOME = 
Substitute:	PATH = C:\Python312\Scripts\;C:\Python312\;C:\Program Files\Microsoft\jdk-11.0.16.101-hotspot\bin;C:\Program Files\Common Files\Oracle\Java\javapath;C:\Program Files (x86)\Common Files\Oracle\Java\javapath;C:\Program Files (x86)\Intel\Intel(R) Management Engine Components\iCLS\;C:\Program Files\Intel\Intel(R) Management Engine Components\iCLS\;C:\WINDOWS\system32;C:\WINDOWS;C:\WINDOWS\System32\Wbem;C:\WINDOWS\System32\WindowsPowerShell\v1.0\;C:\WINDOWS\System32\OpenSSH\;C:\Program Files (x86)\Intel\Intel(R) Management Engine Components\DAL;C:\Program Files\Intel\Intel(R) Management Engine Components\DAL;C:\Program Files (x86)\Intel\Intel(R) Management Engine Components\IPT;C:\Program Files\Intel\Intel(R) Management Engine Components\IPT;C:\Program Files\MEGA-X;C:\MinGW\bin;C:\Program Files\PuTTY\;C:\Program Files\Git\cmd;C:\Program Files (x86)\GitExtensions\;C:\Program Files\dotnet\;C:\Program Files\nodejs\;C:\ProgramData\chocolatey\bin;C:\Program Files\MySQL\MySQL Shell 8.0\bin\;C:\minGW\bin;C:\Users\gtkac\AppData\Local\Programs\Microsoft VS Code\bin;C:\ghcup\bin;C:\msys64\mingw64\bin;C:\Users\gtkac\AppData\Local\Microsoft\WindowsApps;C:\Users\gtkac\AppData\Roaming\npm;C:\Program Files\Microsoft\jdk-11.0.16.101-hotspot\bin
JRE paths:	;C:\Python312\Scripts\;C:\Python312\;C:\Program Files\Microsoft\jdk-11.0.16.101-hotspot\bin;C:\Program Files\Common Files\Oracle\Java\javapath;C:\Program Files (x86)\Common Files\Oracle\Java\javapath;C:\Program Files (x86)\Intel\Intel(R) Management Engine Components\iCLS\;C:\Program Files\Intel\Intel(R) Management Engine Components\iCLS\;C:\WINDOWS\system32;C:\WINDOWS;C:\WINDOWS\System32\Wbem;C:\WINDOWS\System32\WindowsPowerShell\v1.0\;C:\WINDOWS\System32\OpenSSH\;C:\Program Files (x86)\Intel\Intel(R) Management Engine Components\DAL;C:\Program Files\Intel\Intel(R) Management Engine Components\DAL;C:\Program Files (x86)\Intel\Intel(R) Management Engine Components\IPT;C:\Program Files\Intel\Intel(R) Management Engine Components\IPT;C:\Program Files\MEGA-X;C:\MinGW\bin;C:\Program Files\PuTTY\;C:\Program Files\Git\cmd;C:\Program Files (x86)\GitExtensions\;C:\Program Files\dotnet\;C:\Program Files\nodejs\;C:\ProgramData\chocolatey\bin;C:\Program Files\MySQL\MySQL Shell 8.0\bin\;C:\minGW\bin;C:\Users\gtkac\AppData\Local\Programs\Microsoft VS Code\bin;C:\ghcup\bin;C:\msys64\mingw64\bin;C:\Users\gtkac\AppData\Local\Microsoft\WindowsApps;C:\Users\gtkac\AppData\Roaming\npm;C:\Program Files\Microsoft\jdk-11.0.16.101-hotspot\bin
Check launcher:	C:\Python312\Scripts\bin\javaw.exe (not found)
Check launcher:	C:\Python312\bin\javaw.exe (not found)
Check launcher:	C:\Program Files\Microsoft\jdk-11.0.16.101-hotspot\bin\javaw.exe (OK)
Warning:	formatJavaVersion() too many parts added.
Version string: 1.011.000_016 / 64-Bit (OK)
Launcher:	C:\Program Files\Microsoft\jdk-11.0.16.101-hotspot\bin\javaw.exe
Launcher args:	-jar "C:\Users\gtkac\IdeaProjects\Audio Analyzer\out\artifacts\Audio_Analyzer_jar\Audio Analyzer.exe"
Args length:	101/32768 chars
Exit code:	0


Version:	3.50
CmdLine:	C:\Users\gtkac\IdeaProjects\Audio Analyzer\out\artifacts\Audio_Analyzer_jar\Audio Analyzer.exe --l4j-debug
JNI:		No
WOW64:		Yes
Working dir:	C:\Users\gtkac\IdeaProjects\Audio Analyzer\out\artifacts\Audio_Analyzer_jar\.
Requires JDK:	No
Requires 64-Bit: No
Java min ver:	1.006.000
Java max ver:	
Substitute:	JAVA_HOME = 
Substitute:	PATH = C:\Python312\Scripts\;C:\Python312\;C:\Program Files\Microsoft\jdk-11.0.16.101-hotspot\bin;C:\Program Files\Common Files\Oracle\Java\javapath;C:\Program Files (x86)\Common Files\Oracle\Java\javapath;C:\Program Files (x86)\Intel\Intel(R) Management Engine Components\iCLS\;C:\Program Files\Intel\Intel(R) Management Engine Components\iCLS\;C:\WINDOWS\system32;C:\WINDOWS;C:\WINDOWS\System32\Wbem;C:\WINDOWS\System32\WindowsPowerShell\v1.0\;C:\WINDOWS\System32\OpenSSH\;C:\Program Files (x86)\Intel\Intel(R) Management Engine Components\DAL;C:\Program Files\Intel\Intel(R) Management Engine Components\DAL;C:\Program Files (x86)\Intel\Intel(R) Management Engine Components\IPT;C:\Program Files\Intel\Intel(R) Management Engine Components\IPT;C:\Program Files\MEGA-X;C:\MinGW\bin;C:\Program Files\PuTTY\;C:\Program Files\Git\cmd;C:\Program Files (x86)\GitExtensions\;C:\Program Files\dotnet\;C:\Program Files\nodejs\;C:\ProgramData\chocolatey\bin;C:\Program Files\MySQL\MySQL Shell 8.0\bin\;C:\minGW\bin;C:\Users\gtkac\AppData\Local\Programs\Microsoft VS Code\bin;C:\ghcup\bin;C:\msys64\mingw64\bin;C:\Users\gtkac\AppData\Local\Microsoft\WindowsApps;C:\Users\gtkac\AppData\Roaming\npm;C:\Program Files\Microsoft\jdk-11.0.16.101-hotspot\bin
JRE paths:	;C:\Python312\Scripts\;C:\Python312\;C:\Program Files\Microsoft\jdk-11.0.16.101-hotspot\bin;C:\Program Files\Common Files\Oracle\Java\javapath;C:\Program Files (x86)\Common Files\Oracle\Java\javapath;C:\Program Files (x86)\Intel\Intel(R) Management Engine Components\iCLS\;C:\Program Files\Intel\Intel(R) Management Engine Components\iCLS\;C:\WINDOWS\system32;C:\WINDOWS;C:\WINDOWS\System32\Wbem;C:\WINDOWS\System32\WindowsPowerShell\v1.0\;C:\WINDOWS\System32\OpenSSH\;C:\Program Files (x86)\Intel\Intel(R) Management Engine Components\DAL;C:\Program Files\Intel\Intel(R) Management Engine Components\DAL;C:\Program Files (x86)\Intel\Intel(R) Management Engine Components\IPT;C:\Program Files\Intel\Intel(R) Management Engine Components\IPT;C:\Program Files\MEGA-X;C:\MinGW\bin;C:\Program Files\PuTTY\;C:\Program Files\Git\cmd;C:\Program Files (x86)\GitExtensions\;C:\Program Files\dotnet\;C:\Program Files\nodejs\;C:\ProgramData\chocolatey\bin;C:\Program Files\MySQL\MySQL Shell 8.0\bin\;C:\minGW\bin;C:\Users\gtkac\AppData\Local\Programs\Microsoft VS Code\bin;C:\ghcup\bin;C:\msys64\mingw64\bin;C:\Users\gtkac\AppData\Local\Microsoft\WindowsApps;C:\Users\gtkac\AppData\Roaming\npm;C:\Program Files\Microsoft\jdk-11.0.16.101-hotspot\bin
Check launcher:	C:\Python312\Scripts\bin\javaw.exe (not found)
Check launcher:	C:\Python312\bin\javaw.exe (not found)
Check launcher:	C:\Program Files\Microsoft\jdk-11.0.16.101-hotspot\bin\javaw.exe (OK)
Warning:	formatJavaVersion() too many parts added.
Version string: 1.011.000_016 / 64-Bit (OK)
Launcher:	C:\Program Files\Microsoft\jdk-11.0.16.101-hotspot\bin\javaw.exe
Launcher args:	-jar "C:\Users\gtkac\IdeaProjects\Audio Analyzer\out\artifacts\Audio_Analyzer_jar\Audio Analyzer.exe"
Args length:	101/32768 chars
Exit code:	0


Version:	3.50
CmdLine:	C:\Users\gtkac\IdeaProjects\Audio Analyzer\out\artifacts\Audio_Analyzer_jar\Audio Analyzer.exe --l4j-debug
JNI:		No
WOW64:		Yes
Working dir:	C:\Users\gtkac\IdeaProjects\Audio Analyzer\out\artifacts\Audio_Analyzer_jar\.
Requires JDK:	No
Requires 64-Bit: No
Java min ver:	1.006.000
Java max ver:	
Substitute:	JAVA_HOME = 
Substitute:	PATH = C:\Python312\Scripts\;C:\Python312\;C:\Program Files\Microsoft\jdk-11.0.16.101-hotspot\bin;C:\Program Files\Common Files\Oracle\Java\javapath;C:\Program Files (x86)\Common Files\Oracle\Java\javapath;C:\Program Files (x86)\Intel\Intel(R) Management Engine Components\iCLS\;C:\Program Files\Intel\Intel(R) Management Engine Components\iCLS\;C:\WINDOWS\system32;C:\WINDOWS;C:\WINDOWS\System32\Wbem;C:\WINDOWS\System32\WindowsPowerShell\v1.0\;C:\WINDOWS\System32\OpenSSH\;C:\Program Files (x86)\Intel\Intel(R) Management Engine Components\DAL;C:\Program Files\Intel\Intel(R) Management Engine Components\DAL;C:\Program Files (x86)\Intel\Intel(R) Management Engine Components\IPT;C:\Program Files\Intel\Intel(R) Management Engine Components\IPT;C:\Program Files\MEGA-X;C:\MinGW\bin;C:\Program Files\PuTTY\;C:\Program Files\Git\cmd;C:\Program Files (x86)\GitExtensions\;C:\Program Files\dotnet\;C:\Program Files\nodejs\;C:\ProgramData\chocolatey\bin;C:\Program Files\MySQL\MySQL Shell 8.0\bin\;C:\minGW\bin;C:\Users\gtkac\AppData\Local\Programs\Microsoft VS Code\bin;C:\ghcup\bin;C:\msys64\mingw64\bin;C:\Users\gtkac\AppData\Local\Microsoft\WindowsApps;C:\Users\gtkac\AppData\Roaming\npm;C:\Program Files\Microsoft\jdk-11.0.16.101-hotspot\bin
JRE paths:	;C:\Python312\Scripts\;C:\Python312\;C:\Program Files\Microsoft\jdk-11.0.16.101-hotspot\bin;C:\Program Files\Common Files\Oracle\Java\javapath;C:\Program Files (x86)\Common Files\Oracle\Java\javapath;C:\Program Files (x86)\Intel\Intel(R) Management Engine Components\iCLS\;C:\Program Files\Intel\Intel(R) Management Engine Components\iCLS\;C:\WINDOWS\system32;C:\WINDOWS;C:\WINDOWS\System32\Wbem;C:\WINDOWS\System32\WindowsPowerShell\v1.0\;C:\WINDOWS\System32\OpenSSH\;C:\Program Files (x86)\Intel\Intel(R) Management Engine Components\DAL;C:\Program Files\Intel\Intel(R) Management Engine Components\DAL;C:\Program Files (x86)\Intel\Intel(R) Management Engine Components\IPT;C:\Program Files\Intel\Intel(R) Management Engine Components\IPT;C:\Program Files\MEGA-X;C:\MinGW\bin;C:\Program Files\PuTTY\;C:\Program Files\Git\cmd;C:\Program Files (x86)\GitExtensions\;C:\Program Files\dotnet\;C:\Program Files\nodejs\;C:\ProgramData\chocolatey\bin;C:\Program Files\MySQL\MySQL Shell 8.0\bin\;C:\minGW\bin;C:\Users\gtkac\AppData\Local\Programs\Microsoft VS Code\bin;C:\ghcup\bin;C:\msys64\mingw64\bin;C:\Users\gtkac\AppData\Local\Microsoft\WindowsApps;C:\Users\gtkac\AppData\Roaming\npm;C:\Program Files\Microsoft\jdk-11.0.16.101-hotspot\bin
Check launcher:	C:\Python312\Scripts\bin\javaw.exe (not found)
Check launcher:	C:\Python312\bin\javaw.exe (not found)
Check launcher:	C:\Program Files\Microsoft\jdk-11.0.16.101-hotspot\bin\javaw.exe (OK)
Warning:	formatJavaVersion() too many parts added.
Version string: 1.011.000_016 / 64-Bit (OK)
Launcher:	C:\Program Files\Microsoft\jdk-11.0.16.101-hotspot\bin\javaw.exe
Launcher args:	-jar "C:\Users\gtkac\IdeaProjects\Audio Analyzer\out\artifacts\Audio_Analyzer_jar\Audio Analyzer.exe"
Args length:	101/32768 chars
Exit code:	0


Version:	3.50
CmdLine:	C:\Users\gtkac\IdeaProjects\Audio Analyzer\out\artifacts\Audio_Analyzer_jar\Audio Analyzer.exe --l4j-debug
JNI:		No
WOW64:		Yes
Working dir:	C:\Users\gtkac\IdeaProjects\Audio Analyzer\out\artifacts\Audio_Analyzer_jar\.
Requires JDK:	No
Requires 64-Bit: No
Java min ver:	
Java max ver:	
Substitute:	JAVA_HOME = C:\Users\gtkac\.jdks\openjdk-21.0.1
Substitute:	PATH = C:\Python312\Scripts\;C:\Python312\;C:\Program Files\Microsoft\jdk-11.0.16.101-hotspot\bin;C:\Program Files\Common Files\Oracle\Java\javapath;C:\Program Files (x86)\Common Files\Oracle\Java\javapath;C:\Program Files (x86)\Intel\Intel(R) Management Engine Components\iCLS\;C:\Program Files\Intel\Intel(R) Management Engine Components\iCLS\;C:\WINDOWS\system32;C:\WINDOWS;C:\WINDOWS\System32\Wbem;C:\WINDOWS\System32\WindowsPowerShell\v1.0\;C:\WINDOWS\System32\OpenSSH\;C:\Program Files (x86)\Intel\Intel(R) Management Engine Components\DAL;C:\Program Files\Intel\Intel(R) Management Engine Components\DAL;C:\Program Files (x86)\Intel\Intel(R) Management Engine Components\IPT;C:\Program Files\Intel\Intel(R) Management Engine Components\IPT;C:\Program Files\MEGA-X;C:\MinGW\bin;C:\Program Files\PuTTY\;C:\Program Files\Git\cmd;C:\Program Files (x86)\GitExtensions\;C:\Program Files\dotnet\;C:\Program Files\nodejs\;C:\ProgramData\chocolatey\bin;C:\Users\gtkac\.jdks\openjdk-21.0.1;C:\Users\gtkac\.jdks\openjdk-21.0.1\bin
JRE paths:	C:\Users\gtkac\.jdks\openjdk-21.0.1;C:\Python312\Scripts\;C:\Python312\;C:\Program Files\Microsoft\jdk-11.0.16.101-hotspot\bin;C:\Program Files\Common Files\Oracle\Java\javapath;C:\Program Files (x86)\Common Files\Oracle\Java\javapath;C:\Program Files (x86)\Intel\Intel(R) Management Engine Components\iCLS\;C:\Program Files\Intel\Intel(R) Management Engine Components\iCLS\;C:\WINDOWS\system32;C:\WINDOWS;C:\WINDOWS\System32\Wbem;C:\WINDOWS\System32\WindowsPowerShell\v1.0\;C:\WINDOWS\System32\OpenSSH\;C:\Program Files (x86)\Intel\Intel(R) Management Engine Components\DAL;C:\Program Files\Intel\Intel(R) Management Engine Components\DAL;C:\Program Files (x86)\Intel\Intel(R) Management Engine Components\IPT;C:\Program Files\Intel\Intel(R) Management Engine Components\IPT;C:\Program Files\MEGA-X;C:\MinGW\bin;C:\Program Files\PuTTY\;C:\Program Files\Git\cmd;C:\Program Files (x86)\GitExtensions\;C:\Program Files\dotnet\;C:\Program Files\nodejs\;C:\ProgramData\chocolatey\bin;C:\Users\gtkac\.jdks\openjdk-21.0.1;C:\Users\gtkac\.jdks\openjdk-21.0.1\bin
Check launcher:	C:\Users\gtkac\.jdks\openjdk-21.0.1\bin\javaw.exe (OK)
Version string: 1.021.000_001 / 64-Bit (OK)
Launcher:	C:\Users\gtkac\.jdks\openjdk-21.0.1\bin\javaw.exe
Launcher args:	-jar "C:\Users\gtkac\IdeaProjects\Audio Analyzer\out\artifacts\Audio_Analyzer_jar\Audio Analyzer.exe"
Args length:	101/32768 chars
Exit code:	0


Version:	3.50
CmdLine:	C:\Users\gtkac\IdeaProjects\Audio Analyzer\out\artifacts\Audio_Analyzer_jar\Audio Analyzer.exe --l4j-debug
JNI:		No
WOW64:		Yes
Working dir:	C:\Users\gtkac\IdeaProjects\Audio Analyzer\out\artifacts\Audio_Analyzer_jar\.
Requires JDK:	No
Requires 64-Bit: No
Java min ver:	
Java max ver:	
Substitute:	JAVA_HOME = C:\Users\gtkac\.jdks\openjdk-21.0.1
Substitute:	PATH = C:\Python312\Scripts\;C:\Python312\;C:\Program Files\Microsoft\jdk-11.0.16.101-hotspot\bin;C:\Program Files\Common Files\Oracle\Java\javapath;C:\Program Files (x86)\Common Files\Oracle\Java\javapath;C:\Program Files (x86)\Intel\Intel(R) Management Engine Components\iCLS\;C:\Program Files\Intel\Intel(R) Management Engine Components\iCLS\;C:\WINDOWS\system32;C:\WINDOWS;C:\WINDOWS\System32\Wbem;C:\WINDOWS\System32\WindowsPowerShell\v1.0\;C:\WINDOWS\System32\OpenSSH\;C:\Program Files (x86)\Intel\Intel(R) Management Engine Components\DAL;C:\Program Files\Intel\Intel(R) Management Engine Components\DAL;C:\Program Files (x86)\Intel\Intel(R) Management Engine Components\IPT;C:\Program Files\Intel\Intel(R) Management Engine Components\IPT;C:\Program Files\MEGA-X;C:\MinGW\bin;C:\Program Files\PuTTY\;C:\Program Files\Git\cmd;C:\Program Files (x86)\GitExtensions\;C:\Program Files\dotnet\;C:\Program Files\nodejs\;C:\ProgramData\chocolatey\bin;C:\Users\gtkac\.jdks\openjdk-21.0.1;C:\Users\gtkac\.jdks\openjdk-21.0.1\bin
JRE paths:	C:\Users\gtkac\.jdks\openjdk-21.0.1;C:\Python312\Scripts\;C:\Python312\;C:\Program Files\Microsoft\jdk-11.0.16.101-hotspot\bin;C:\Program Files\Common Files\Oracle\Java\javapath;C:\Program Files (x86)\Common Files\Oracle\Java\javapath;C:\Program Files (x86)\Intel\Intel(R) Management Engine Components\iCLS\;C:\Program Files\Intel\Intel(R) Management Engine Components\iCLS\;C:\WINDOWS\system32;C:\WINDOWS;C:\WINDOWS\System32\Wbem;C:\WINDOWS\System32\WindowsPowerShell\v1.0\;C:\WINDOWS\System32\OpenSSH\;C:\Program Files (x86)\Intel\Intel(R) Management Engine Components\DAL;C:\Program Files\Intel\Intel(R) Management Engine Components\DAL;C:\Program Files (x86)\Intel\Intel(R) Management Engine Components\IPT;C:\Program Files\Intel\Intel(R) Management Engine Components\IPT;C:\Program Files\MEGA-X;C:\MinGW\bin;C:\Program Files\PuTTY\;C:\Program Files\Git\cmd;C:\Program Files (x86)\GitExtensions\;C:\Program Files\dotnet\;C:\Program Files\nodejs\;C:\ProgramData\chocolatey\bin;C:\Users\gtkac\.jdks\openjdk-21.0.1;C:\Users\gtkac\.jdks\openjdk-21.0.1\bin
Check launcher:	C:\Users\gtkac\.jdks\openjdk-21.0.1\bin\javaw.exe (OK)
Version string: 1.021.000_001 / 64-Bit (OK)
Launcher:	C:\Users\gtkac\.jdks\openjdk-21.0.1\bin\javaw.exe
Launcher args:	-jar "C:\Users\gtkac\IdeaProjects\Audio Analyzer\out\artifacts\Audio_Analyzer_jar\Audio Analyzer.exe"
Args length:	101/32768 chars
Exit code:	0


Version:	3.50
CmdLine:	C:\Users\gtkac\IdeaProjects\Audio Analyzer\out\artifacts\Audio_Analyzer_jar\Audio Analyzer.exe --l4j-debug
JNI:		No
WOW64:		Yes
Working dir:	C:\Users\gtkac\IdeaProjects\Audio Analyzer\out\artifacts\Audio_Analyzer_jar\.
Requires JDK:	No
Requires 64-Bit: No
Java min ver:	
Java max ver:	
Substitute:	JAVA_HOME = C:\Users\gtkac\.jdks\openjdk-21.0.1
Substitute:	PATH = C:\Python312\Scripts\;C:\Python312\;C:\Program Files\Microsoft\jdk-11.0.16.101-hotspot\bin;C:\Program Files\Common Files\Oracle\Java\javapath;C:\Program Files (x86)\Common Files\Oracle\Java\javapath;C:\Program Files (x86)\Intel\Intel(R) Management Engine Components\iCLS\;C:\Program Files\Intel\Intel(R) Management Engine Components\iCLS\;C:\WINDOWS\system32;C:\WINDOWS;C:\WINDOWS\System32\Wbem;C:\WINDOWS\System32\WindowsPowerShell\v1.0\;C:\WINDOWS\System32\OpenSSH\;C:\Program Files (x86)\Intel\Intel(R) Management Engine Components\DAL;C:\Program Files\Intel\Intel(R) Management Engine Components\DAL;C:\Program Files (x86)\Intel\Intel(R) Management Engine Components\IPT;C:\Program Files\Intel\Intel(R) Management Engine Components\IPT;C:\Program Files\MEGA-X;C:\MinGW\bin;C:\Program Files\PuTTY\;C:\Program Files\Git\cmd;C:\Program Files (x86)\GitExtensions\;C:\Program Files\dotnet\;C:\Program Files\nodejs\;C:\ProgramData\chocolatey\bin;C:\Users\gtkac\.jdks\openjdk-21.0.1;C:\Users\gtkac\.jdks\openjdk-21.0.1\bin
JRE paths:	C:\Users\gtkac\.jdks\openjdk-21.0.1;C:\Python312\Scripts\;C:\Python312\;C:\Program Files\Microsoft\jdk-11.0.16.101-hotspot\bin;C:\Program Files\Common Files\Oracle\Java\javapath;C:\Program Files (x86)\Common Files\Oracle\Java\javapath;C:\Program Files (x86)\Intel\Intel(R) Management Engine Components\iCLS\;C:\Program Files\Intel\Intel(R) Management Engine Components\iCLS\;C:\WINDOWS\system32;C:\WINDOWS;C:\WINDOWS\System32\Wbem;C:\WINDOWS\System32\WindowsPowerShell\v1.0\;C:\WINDOWS\System32\OpenSSH\;C:\Program Files (x86)\Intel\Intel(R) Management Engine Components\DAL;C:\Program Files\Intel\Intel(R) Management Engine Components\DAL;C:\Program Files (x86)\Intel\Intel(R) Management Engine Components\IPT;C:\Program Files\Intel\Intel(R) Management Engine Components\IPT;C:\Program Files\MEGA-X;C:\MinGW\bin;C:\Program Files\PuTTY\;C:\Program Files\Git\cmd;C:\Program Files (x86)\GitExtensions\;C:\Program Files\dotnet\;C:\Program Files\nodejs\;C:\ProgramData\chocolatey\bin;C:\Users\gtkac\.jdks\openjdk-21.0.1;C:\Users\gtkac\.jdks\openjdk-21.0.1\bin
Check launcher:	C:\Users\gtkac\.jdks\openjdk-21.0.1\bin\javaw.exe (OK)
Version string: 1.021.000_001 / 64-Bit (OK)
Launcher:	C:\Users\gtkac\.jdks\openjdk-21.0.1\bin\javaw.exe
Launcher args:	-jar "C:\Users\gtkac\IdeaProjects\Audio Analyzer\out\artifacts\Audio_Analyzer_jar\Audio Analyzer.exe"
Args length:	101/32768 chars
Exit code:	0


Version:	3.50
CmdLine:	C:\Users\gtkac\IdeaProjects\Audio Analyzer\out\artifacts\Audio_Analyzer_jar\Audio Analyzer.exe --l4j-debug
JNI:		No
WOW64:		Yes
Working dir:	C:\Users\gtkac\IdeaProjects\Audio Analyzer\out\artifacts\Audio_Analyzer_jar\.
Requires JDK:	No
Requires 64-Bit: No
Java min ver:	
Java max ver:	
Substitute:	JAVA_HOME = C:\Users\gtkac\.jdks\openjdk-21.0.1
Substitute:	PATH = C:\Python312\Scripts\;C:\Python312\;C:\Program Files\Microsoft\jdk-11.0.16.101-hotspot\bin;C:\Program Files\Common Files\Oracle\Java\javapath;C:\Program Files (x86)\Common Files\Oracle\Java\javapath;C:\Program Files (x86)\Intel\Intel(R) Management Engine Components\iCLS\;C:\Program Files\Intel\Intel(R) Management Engine Components\iCLS\;C:\WINDOWS\system32;C:\WINDOWS;C:\WINDOWS\System32\Wbem;C:\WINDOWS\System32\WindowsPowerShell\v1.0\;C:\WINDOWS\System32\OpenSSH\;C:\Program Files (x86)\Intel\Intel(R) Management Engine Components\DAL;C:\Program Files\Intel\Intel(R) Management Engine Components\DAL;C:\Program Files (x86)\Intel\Intel(R) Management Engine Components\IPT;C:\Program Files\Intel\Intel(R) Management Engine Components\IPT;C:\Program Files\MEGA-X;C:\MinGW\bin;C:\Program Files\PuTTY\;C:\Program Files\Git\cmd;C:\Program Files (x86)\GitExtensions\;C:\Program Files\dotnet\;C:\Program Files\nodejs\;C:\ProgramData\chocolatey\bin;C:\Users\gtkac\.jdks\openjdk-21.0.1;C:\Users\gtkac\.jdks\openjdk-21.0.1\bin
JRE paths:	C:\Users\gtkac\.jdks\openjdk-21.0.1;C:\Python312\Scripts\;C:\Python312\;C:\Program Files\Microsoft\jdk-11.0.16.101-hotspot\bin;C:\Program Files\Common Files\Oracle\Java\javapath;C:\Program Files (x86)\Common Files\Oracle\Java\javapath;C:\Program Files (x86)\Intel\Intel(R) Management Engine Components\iCLS\;C:\Program Files\Intel\Intel(R) Management Engine Components\iCLS\;C:\WINDOWS\system32;C:\WINDOWS;C:\WINDOWS\System32\Wbem;C:\WINDOWS\System32\WindowsPowerShell\v1.0\;C:\WINDOWS\System32\OpenSSH\;C:\Program Files (x86)\Intel\Intel(R) Management Engine Components\DAL;C:\Program Files\Intel\Intel(R) Management Engine Components\DAL;C:\Program Files (x86)\Intel\Intel(R) Management Engine Components\IPT;C:\Program Files\Intel\Intel(R) Management Engine Components\IPT;C:\Program Files\MEGA-X;C:\MinGW\bin;C:\Program Files\PuTTY\;C:\Program Files\Git\cmd;C:\Program Files (x86)\GitExtensions\;C:\Program Files\dotnet\;C:\Program Files\nodejs\;C:\ProgramData\chocolatey\bin;C:\Users\gtkac\.jdks\openjdk-21.0.1;C:\Users\gtkac\.jdks\openjdk-21.0.1\bin
Check launcher:	C:\Users\gtkac\.jdks\openjdk-21.0.1\bin\javaw.exe (OK)
Version string: 1.021.000_001 / 64-Bit (OK)
Launcher:	C:\Users\gtkac\.jdks\openjdk-21.0.1\bin\javaw.exe
Launcher args:	-jar "C:\Users\gtkac\IdeaProjects\Audio Analyzer\out\artifacts\Audio_Analyzer_jar\Audio Analyzer.exe"
Args length:	101/32768 chars
Exit code:	0


Version:	3.50
CmdLine:	C:\Users\gtkac\IdeaProjects\Audio Analyzer\out\artifacts\Audio_Analyzer_jar\Audio Analyzer.exe --l4j-debug
JNI:		No
WOW64:		Yes
Working dir:	C:\Users\gtkac\IdeaProjects\Audio Analyzer\out\artifacts\Audio_Analyzer_jar\.
Requires JDK:	No
Requires 64-Bit: No
Java min ver:	
Java max ver:	
Substitute:	JAVA_HOME = C:\Users\gtkac\.jdks\openjdk-21.0.1
Substitute:	PATH = C:\Python312\Scripts\;C:\Python312\;C:\Program Files\Microsoft\jdk-11.0.16.101-hotspot\bin;C:\Program Files\Common Files\Oracle\Java\javapath;C:\Program Files (x86)\Common Files\Oracle\Java\javapath;C:\Program Files (x86)\Intel\Intel(R) Management Engine Components\iCLS\;C:\Program Files\Intel\Intel(R) Management Engine Components\iCLS\;C:\WINDOWS\system32;C:\WINDOWS;C:\WINDOWS\System32\Wbem;C:\WINDOWS\System32\WindowsPowerShell\v1.0\;C:\WINDOWS\System32\OpenSSH\;C:\Program Files (x86)\Intel\Intel(R) Management Engine Components\DAL;C:\Program Files\Intel\Intel(R) Management Engine Components\DAL;C:\Program Files (x86)\Intel\Intel(R) Management Engine Components\IPT;C:\Program Files\Intel\Intel(R) Management Engine Components\IPT;C:\Program Files\MEGA-X;C:\MinGW\bin;C:\Program Files\PuTTY\;C:\Program Files\Git\cmd;C:\Program Files (x86)\GitExtensions\;C:\Program Files\dotnet\;C:\Program Files\nodejs\;C:\ProgramData\chocolatey\bin;C:\Users\gtkac\.jdks\openjdk-21.0.1;C:\Users\gtkac\.jdks\openjdk-21.0.1\bin
JRE paths:	C:\Users\gtkac\.jdks\openjdk-21.0.1;C:\Python312\Scripts\;C:\Python312\;C:\Program Files\Microsoft\jdk-11.0.16.101-hotspot\bin;C:\Program Files\Common Files\Oracle\Java\javapath;C:\Program Files (x86)\Common Files\Oracle\Java\javapath;C:\Program Files (x86)\Intel\Intel(R) Management Engine Components\iCLS\;C:\Program Files\Intel\Intel(R) Management Engine Components\iCLS\;C:\WINDOWS\system32;C:\WINDOWS;C:\WINDOWS\System32\Wbem;C:\WINDOWS\System32\WindowsPowerShell\v1.0\;C:\WINDOWS\System32\OpenSSH\;C:\Program Files (x86)\Intel\Intel(R) Management Engine Components\DAL;C:\Program Files\Intel\Intel(R) Management Engine Components\DAL;C:\Program Files (x86)\Intel\Intel(R) Management Engine Components\IPT;C:\Program Files\Intel\Intel(R) Management Engine Components\IPT;C:\Program Files\MEGA-X;C:\MinGW\bin;C:\Program Files\PuTTY\;C:\Program Files\Git\cmd;C:\Program Files (x86)\GitExtensions\;C:\Program Files\dotnet\;C:\Program Files\nodejs\;C:\ProgramData\chocolatey\bin;C:\Users\gtkac\.jdks\openjdk-21.0.1;C:\Users\gtkac\.jdks\openjdk-21.0.1\bin
Check launcher:	C:\Users\gtkac\.jdks\openjdk-21.0.1\bin\javaw.exe (OK)
Version string: 1.021.000_001 / 64-Bit (OK)
Launcher:	C:\Users\gtkac\.jdks\openjdk-21.0.1\bin\javaw.exe
Launcher args:	-jar "C:\Users\gtkac\IdeaProjects\Audio Analyzer\out\artifacts\Audio_Analyzer_jar\Audio Analyzer.exe"
Args length:	101/32768 chars
Exit code:	0


Version:	3.50
CmdLine:	C:\Users\gtkac\IdeaProjects\Audio Analyzer\out\artifacts\Audio_Analyzer_jar\Audio Analyzer.exe --l4j-debug
JNI:		No
WOW64:		Yes
Working dir:	C:\Users\gtkac\IdeaProjects\Audio Analyzer\out\artifacts\Audio_Analyzer_jar\.
Requires JDK:	No
Requires 64-Bit: No
Java min ver:	
Java max ver:	
Substitute:	JAVA_HOME = C:\Users\gtkac\.jdks\openjdk-21.0.1
Substitute:	PATH = C:\Python312\Scripts\;C:\Python312\;C:\Program Files\Microsoft\jdk-11.0.16.101-hotspot\bin;C:\Program Files\Common Files\Oracle\Java\javapath;C:\Program Files (x86)\Common Files\Oracle\Java\javapath;C:\Program Files (x86)\Intel\Intel(R) Management Engine Components\iCLS\;C:\Program Files\Intel\Intel(R) Management Engine Components\iCLS\;C:\WINDOWS\system32;C:\WINDOWS;C:\WINDOWS\System32\Wbem;C:\WINDOWS\System32\WindowsPowerShell\v1.0\;C:\WINDOWS\System32\OpenSSH\;C:\Program Files (x86)\Intel\Intel(R) Management Engine Components\DAL;C:\Program Files\Intel\Intel(R) Management Engine Components\DAL;C:\Program Files (x86)\Intel\Intel(R) Management Engine Components\IPT;C:\Program Files\Intel\Intel(R) Management Engine Components\IPT;C:\Program Files\MEGA-X;C:\MinGW\bin;C:\Program Files\PuTTY\;C:\Program Files\Git\cmd;C:\Program Files (x86)\GitExtensions\;C:\Program Files\dotnet\;C:\Program Files\nodejs\;C:\ProgramData\chocolatey\bin;C:\Users\gtkac\.jdks\openjdk-21.0.1;C:\Users\gtkac\.jdks\openjdk-21.0.1\bin
JRE paths:	C:\Users\gtkac\.jdks\openjdk-21.0.1;C:\Python312\Scripts\;C:\Python312\;C:\Program Files\Microsoft\jdk-11.0.16.101-hotspot\bin;C:\Program Files\Common Files\Oracle\Java\javapath;C:\Program Files (x86)\Common Files\Oracle\Java\javapath;C:\Program Files (x86)\Intel\Intel(R) Management Engine Components\iCLS\;C:\Program Files\Intel\Intel(R) Management Engine Components\iCLS\;C:\WINDOWS\system32;C:\WINDOWS;C:\WINDOWS\System32\Wbem;C:\WINDOWS\System32\WindowsPowerShell\v1.0\;C:\WINDOWS\System32\OpenSSH\;C:\Program Files (x86)\Intel\Intel(R) Management Engine Components\DAL;C:\Program Files\Intel\Intel(R) Management Engine Components\DAL;C:\Program Files (x86)\Intel\Intel(R) Management Engine Components\IPT;C:\Program Files\Intel\Intel(R) Management Engine Components\IPT;C:\Program Files\MEGA-X;C:\MinGW\bin;C:\Program Files\PuTTY\;C:\Program Files\Git\cmd;C:\Program Files (x86)\GitExtensions\;C:\Program Files\dotnet\;C:\Program Files\nodejs\;C:\ProgramData\chocolatey\bin;C:\Users\gtkac\.jdks\openjdk-21.0.1;C:\Users\gtkac\.jdks\openjdk-21.0.1\bin
Check launcher:	C:\Users\gtkac\.jdks\openjdk-21.0.1\bin\javaw.exe (OK)
Version string: 1.021.000_001 / 64-Bit (OK)
Launcher:	C:\Users\gtkac\.jdks\openjdk-21.0.1\bin\javaw.exe
Launcher args:	-jar "C:\Users\gtkac\IdeaProjects\Audio Analyzer\out\artifacts\Audio_Analyzer_jar\Audio Analyzer.exe"
Args length:	101/32768 chars
Exit code:	0


Version:	3.50
CmdLine:	C:\Users\gtkac\IdeaProjects\Audio Analyzer\out\artifacts\Audio_Analyzer_jar\Audio Analyzer.exe --l4j-debug
JNI:		No
WOW64:		Yes
Working dir:	C:\Users\gtkac\IdeaProjects\Audio Analyzer\out\artifacts\Audio_Analyzer_jar\.
Requires JDK:	No
Requires 64-Bit: No
Java min ver:	
Java max ver:	
Substitute:	JAVA_HOME = C:\Users\gtkac\.jdks\openjdk-21.0.1
Substitute:	PATH = C:\Python312\Scripts\;C:\Python312\;C:\Program Files\Microsoft\jdk-11.0.16.101-hotspot\bin;C:\Program Files\Common Files\Oracle\Java\javapath;C:\Program Files (x86)\Common Files\Oracle\Java\javapath;C:\Program Files (x86)\Intel\Intel(R) Management Engine Components\iCLS\;C:\Program Files\Intel\Intel(R) Management Engine Components\iCLS\;C:\WINDOWS\system32;C:\WINDOWS;C:\WINDOWS\System32\Wbem;C:\WINDOWS\System32\WindowsPowerShell\v1.0\;C:\WINDOWS\System32\OpenSSH\;C:\Program Files (x86)\Intel\Intel(R) Management Engine Components\DAL;C:\Program Files\Intel\Intel(R) Management Engine Components\DAL;C:\Program Files (x86)\Intel\Intel(R) Management Engine Components\IPT;C:\Program Files\Intel\Intel(R) Management Engine Components\IPT;C:\Program Files\MEGA-X;C:\MinGW\bin;C:\Program Files\PuTTY\;C:\Program Files\Git\cmd;C:\Program Files (x86)\GitExtensions\;C:\Program Files\dotnet\;C:\Program Files\nodejs\;C:\ProgramData\chocolatey\bin;C:\Users\gtkac\.jdks\openjdk-21.0.1;C:\Users\gtkac\.jdks\openjdk-21.0.1\bin
JRE paths:	C:\Users\gtkac\.jdks\openjdk-21.0.1;C:\Python312\Scripts\;C:\Python312\;C:\Program Files\Microsoft\jdk-11.0.16.101-hotspot\bin;C:\Program Files\Common Files\Oracle\Java\javapath;C:\Program Files (x86)\Common Files\Oracle\Java\javapath;C:\Program Files (x86)\Intel\Intel(R) Management Engine Components\iCLS\;C:\Program Files\Intel\Intel(R) Management Engine Components\iCLS\;C:\WINDOWS\system32;C:\WINDOWS;C:\WINDOWS\System32\Wbem;C:\WINDOWS\System32\WindowsPowerShell\v1.0\;C:\WINDOWS\System32\OpenSSH\;C:\Program Files (x86)\Intel\Intel(R) Management Engine Components\DAL;C:\Program Files\Intel\Intel(R) Management Engine Components\DAL;C:\Program Files (x86)\Intel\Intel(R) Management Engine Components\IPT;C:\Program Files\Intel\Intel(R) Management Engine Components\IPT;C:\Program Files\MEGA-X;C:\MinGW\bin;C:\Program Files\PuTTY\;C:\Program Files\Git\cmd;C:\Program Files (x86)\GitExtensions\;C:\Program Files\dotnet\;C:\Program Files\nodejs\;C:\ProgramData\chocolatey\bin;C:\Users\gtkac\.jdks\openjdk-21.0.1;C:\Users\gtkac\.jdks\openjdk-21.0.1\bin
Check launcher:	C:\Users\gtkac\.jdks\openjdk-21.0.1\bin\javaw.exe (OK)
Version string: 1.021.000_001 / 64-Bit (OK)
Launcher:	C:\Users\gtkac\.jdks\openjdk-21.0.1\bin\javaw.exe
Launcher args:	-jar "C:\Users\gtkac\IdeaProjects\Audio Analyzer\out\artifacts\Audio_Analyzer_jar\Audio Analyzer.exe"
Args length:	101/32768 chars
Exit code:	0
